#
# A fatal error has been detected by the Java Runtime Environment:
#
#  EXCEPTION_ACCESS_VIOLATION (0xc0000005) at pc=0x000000007756517b, pid=6832, tid=0x00000000000008c0
#
# JRE version: Java(TM) SE Runtime Environment (8.0_181-b13) (build 1.8.0_181-b13)
# Java VM: Java HotSpot(TM) 64-Bit Server VM (25.181-b13 mixed mode windows-amd64 compressed oops)
# Problematic frame:
# V  [jvm.dll+0x11517b]
#
# Failed to write core dump. Minidumps are not enabled by default on client versions of Windows
#
# If you would like to submit a bug report, please visit:
#   http://bugreport.java.com/bugreport/crash.jsp
#

---------------  T H R E A D  ---------------

Current thread (0x000000000304d800):  GCTaskThread [stack: 0x0000000012b30000,0x0000000012c30000] [id=2240]

siginfo: ExceptionCode=0xc0000005, reading address 0x0000000003b00380

Registers:
RAX=0x0000000012c30000, RBX=0x00000000c9b47fe8, RCX=0x0000000000000003, RDX=0x0000000000000001
RSP=0x0000000012c2f620, RBP=0x00000000c8b47fd4, RSI=0x000000000311be40, RDI=0x000000000311be40
R8 =0x0000000003b00378, R9 =0x0000000100079be0, R10=0x000000000000000c, R11=0x0000000077a55708
R12=0x00000000c8b47fe4, R13=0x0000000100079e10, R14=0x0000000100079e18, R15=0x00000000c8b47fc8
RIP=0x000000007756517b, EFLAGS=0x0000000000010206

Top of Stack: (sp=0x0000000012c2f620)
0x0000000012c2f620:   0000000100079be0 00000000c8b47f34
0x0000000012c2f630:   0000000000000004 000000007766e362
0x0000000012c2f640:   0000000000000000 000000000304dbe0
0x0000000012c2f650:   0000000003042ea0 00000000ce5da368
0x0000000012c2f660:   00000000000053d0 000000007784a270
0x0000000012c2f670:   0000000015f4fed0 000000000004e200
0x0000000012c2f680:   000000000311be40 0000000077aa88b8
0x0000000012c2f690:   0009991500005217 0009991600005217
0x0000000012c2f6a0:   00000000ce703374 00000000ce5da368
0x0000000012c2f6b0:   000000000004e200 000000007758b341
0x0000000012c2f6c0:   00000000155b5300 0000022700000054
0x0000000012c2f6d0:   00000000c8f1bb28 0000000003042ea0
0x0000000012c2f6e0:   000000000304dbf0 000000000304dbe0
0x0000000012c2f6f0:   0000000077aa88b8 0000000000000003
0x0000000012c2f700:   00000000178e7010 0000000000000000
0x0000000012c2f710:   000000000311be40 0000000077847ad0 

Instructions: (pc=0x000000007756517b)
0x000000007756515b:   6f 00 84 d2 74 16 44 8b 43 08 8b 0d fd 16 69 00
0x000000007756516b:   49 d3 e0 4c 03 05 eb 16 69 00 eb 04 4c 8b 43 08
0x000000007756517b:   45 8b 48 08 45 85 c9 7e 0c 41 f6 c1 01 75 4b 41
0x000000007756518b:   c1 f9 03 eb 57 79 43 84 d2 41 8b c9 b8 10 00 00 


Register to memory mapping:

RAX=0x0000000012c30000 is an unknown value
RBX=0x00000000c9b47fe8 is pointing into object: 0x00000000c9b47fd8
[C 
 - klass: {type array char}
 - length: 8
RCX=0x0000000000000003 is an unknown value
RDX=0x0000000000000001 is an unknown value
RSP=0x0000000012c2f620 is an unknown value
RBP=0x00000000c8b47fd4 is pointing into object: 0x00000000c8b47fc8
imdb.Actors 
 - klass: 'imdb/Actors'
RSI=0x000000000311be40 is an unknown value
RDI=0x000000000311be40 is an unknown value
R8 =0x0000000003b00378 is an unknown value
R9 =0x0000000100079be0 is pointing into metadata
R10=0x000000000000000c is an unknown value
R11=0x0000000077a55708 is an unknown value
R12=0x00000000c8b47fe4 is pointing into object: 0x00000000c8b47fc8
imdb.Actors 
 - klass: 'imdb/Actors'
R13=0x0000000100079e10 is pointing into metadata
R14=0x0000000100079e18 is pointing into metadata
R15=0x00000000c8b47fc8 is an oop
imdb.Actors 
 - klass: 'imdb/Actors'


Stack: [0x0000000012b30000,0x0000000012c30000],  sp=0x0000000012c2f620,  free space=1021k
Native frames: (J=compiled Java code, j=interpreted, Vv=VM code, C=native code)
V  [jvm.dll+0x11517b]
V  [jvm.dll+0x3fa270]
V  [jvm.dll+0x3f7ad0]
V  [jvm.dll+0x3f4dde]
V  [jvm.dll+0x29e64a]
C  [msvcr100.dll+0x21d9f]
C  [msvcr100.dll+0x21e3b]
C  [KERNEL32.DLL+0x18102]
C  [ntdll.dll+0x5c5b4]


---------------  P R O C E S S  ---------------

Java Threads: ( => current thread )
  0x000000001777b800 JavaThread "CleanCursors-1-thread-1" daemon [_thread_blocked, id=4960, stack(0x00000000184b0000,0x00000000185b0000)]
  0x0000000017758800 JavaThread "cluster-ClusterId{value='5b69391d97bf321ab0dbbf05', description='null'}-localhost:27017" daemon [_thread_blocked, id=5588, stack(0x00000000183b0000,0x00000000184b0000)]
  0x000000001568d000 JavaThread "Service Thread" daemon [_thread_blocked, id=3428, stack(0x0000000017370000,0x0000000017470000)]
  0x000000001563b000 JavaThread "C1 CompilerThread2" daemon [_thread_blocked, id=4544, stack(0x0000000016e70000,0x0000000016f70000)]
  0x0000000015635000 JavaThread "C2 CompilerThread1" daemon [_thread_blocked, id=392, stack(0x0000000016d70000,0x0000000016e70000)]
  0x000000001562e000 JavaThread "C2 CompilerThread0" daemon [_thread_blocked, id=3332, stack(0x0000000016c70000,0x0000000016d70000)]
  0x000000001562c000 JavaThread "Attach Listener" daemon [_thread_blocked, id=4128, stack(0x0000000016b70000,0x0000000016c70000)]
  0x000000001562a800 JavaThread "Signal Dispatcher" daemon [_thread_blocked, id=5088, stack(0x0000000016a70000,0x0000000016b70000)]
  0x000000001561a800 JavaThread "Finalizer" daemon [_thread_blocked, id=2064, stack(0x0000000016890000,0x0000000016990000)]
  0x0000000003120000 JavaThread "Reference Handler" daemon [_thread_blocked, id=5536, stack(0x0000000016790000,0x0000000016890000)]
  0x0000000002e9e000 JavaThread "main" [_thread_blocked, id=7096, stack(0x0000000002ea0000,0x0000000002fa0000)]

Other Threads:
  0x00000000155f8000 VMThread [stack: 0x0000000016690000,0x0000000016790000] [id=6948]
  0x000000001568e800 WatcherThread [stack: 0x0000000017470000,0x0000000017570000] [id=3476]

=>0x000000000304d800 (exited) GCTaskThread [stack: 0x0000000012b30000,0x0000000012c30000] [id=2240]

VM state:at safepoint (normal execution)

VM Mutex/Monitor currently owned by a thread:  ([mutex/lock_event])
[0x0000000002e9cc50] Threads_lock - owner thread: 0x00000000155f8000
[0x0000000002e9d250] Heap_lock - owner thread: 0x0000000002e9e000

Heap:
 PSYoungGen      total 223744K, used 57161K [0x00000000ebb80000, 0x0000000100000000, 0x0000000100000000)
  eden space 113152K, 0% used [0x00000000ebb80000,0x00000000ebb80000,0x00000000f2a00000)
  from space 110592K, 51% used [0x00000000f9400000,0x00000000fcbd2798,0x0000000100000000)
  to   space 108544K, 0% used [0x00000000f2a00000,0x00000000f2a00000,0x00000000f9400000)
 ParOldGen       total 286208K, used 280884K [0x00000000c3200000, 0x00000000d4980000, 0x00000000ebb80000)
  object space 286208K, 98% used [0x00000000c3200000,0x00000000d444d378,0x00000000d4980000)
 Metaspace       used 11342K, capacity 11558K, committed 11776K, reserved 1058816K
  class space    used 1304K, capacity 1415K, committed 1536K, reserved 1048576K

Card table byte_map: [0x00000000124f0000,0x00000000126e0000] byte_map_base: 0x0000000011ed7000

Marking Bits: (ParMarkBitMap*) 0x0000000077c72d00
 Begin Bits: [0x0000000012c30000, 0x0000000013b68000)
 End Bits:   [0x0000000013b68000, 0x0000000014aa0000)

Polling page: 0x0000000001330000

CodeCache: size=245760Kb used=5974Kb max_used=5986Kb free=239785Kb
 bounds [0x0000000003130000, 0x0000000003710000, 0x0000000012130000]
 total_blobs=1908 nmethods=1556 adapters=266
 compilation: enabled

Compilation events (10 events):
Event: 15.419 Thread 0x0000000015635000 nmethod 1580 0x0000000003682810 code [0x0000000003682940, 0x0000000003682998]
Event: 15.419 Thread 0x0000000015635000 1581       4       org.bson.codecs.DecoderContext$Builder::<init> (5 bytes)
Event: 15.419 Thread 0x0000000015635000 nmethod 1581 0x00000000036c0d90 code [0x00000000036c0ec0, 0x00000000036c0f18]
Event: 15.464 Thread 0x0000000015635000 1582 %     4       imdbDao.ActorsDao::insertMany @ 24 (80 bytes)
Event: 15.469 Thread 0x000000001562e000 nmethod 1564 0x0000000003709f50 code [0x000000000370a200, 0x000000000370c2a8]
Event: 15.490 Thread 0x0000000015635000 nmethod 1582% 0x00000000036dfad0 code [0x00000000036dfce0, 0x00000000036e0948]
Event: 15.498 Thread 0x000000001562e000 1583       4       imdbDao.ActorsDao::insertMany (80 bytes)
Event: 15.528 Thread 0x000000001562e000 nmethod 1583 0x0000000003707590 code [0x00000000037077a0, 0x00000000037084b0]
Event: 15.891 Thread 0x0000000015635000 1584       4       java.lang.Integer::parseInt (261 bytes)
Event: 15.900 Thread 0x0000000015635000 nmethod 1584 0x0000000003706990 code [0x0000000003706ae0, 0x0000000003707078]

GC Heap History (10 events):
Event: 16.785 GC heap after
Heap after GC invocations=21 (full 3):
 PSYoungGen      total 220160K, used 81393K [0x00000000ebb80000, 0x0000000100000000, 0x0000000100000000)
  eden space 138752K, 0% used [0x00000000ebb80000,0x00000000ebb80000,0x00000000f4300000)
  from space 81408K, 99% used [0x00000000fb080000,0x00000000ffffc518,0x0000000100000000)
  to   space 96768K, 0% used [0x00000000f4300000,0x00000000f4300000,0x00000000fa180000)
 ParOldGen       total 286208K, used 199852K [0x00000000c3200000, 0x00000000d4980000, 0x00000000ebb80000)
  object space 286208K, 69% used [0x00000000c3200000,0x00000000cf52b378,0x00000000d4980000)
 Metaspace       used 11342K, capacity 11558K, committed 11776K, reserved 1058816K
  class space    used 1304K, capacity 1415K, committed 1536K, reserved 1048576K
}
Event: 16.996 GC heap before
{Heap before GC invocations=22 (full 3):
 PSYoungGen      total 220160K, used 220145K [0x00000000ebb80000, 0x0000000100000000, 0x0000000100000000)
  eden space 138752K, 100% used [0x00000000ebb80000,0x00000000f4300000,0x00000000f4300000)
  from space 81408K, 99% used [0x00000000fb080000,0x00000000ffffc518,0x0000000100000000)
  to   space 96768K, 0% used [0x00000000f4300000,0x00000000f4300000,0x00000000fa180000)
 ParOldGen       total 286208K, used 199852K [0x00000000c3200000, 0x00000000d4980000, 0x00000000ebb80000)
  object space 286208K, 69% used [0x00000000c3200000,0x00000000cf52b378,0x00000000d4980000)
 Metaspace       used 11342K, capacity 11558K, committed 11776K, reserved 1058816K
  class space    used 1304K, capacity 1415K, committed 1536K, reserved 1048576K
Event: 17.110 GC heap after
Heap after GC invocations=22 (full 3):
 PSYoungGen      total 193536K, used 54353K [0x00000000ebb80000, 0x0000000100000000, 0x0000000100000000)
  eden space 138752K, 0% used [0x00000000ebb80000,0x00000000ebb80000,0x00000000f4300000)
  from space 54784K, 99% used [0x00000000f4300000,0x00000000f7814518,0x00000000f7880000)
  to   space 97280K, 0% used [0x00000000fa100000,0x00000000fa100000,0x0000000100000000)
 ParOldGen       total 286208K, used 241780K [0x00000000c3200000, 0x00000000d4980000, 0x00000000ebb80000)
  object space 286208K, 84% used [0x00000000c3200000,0x00000000d1e1d378,0x00000000d4980000)
 Metaspace       used 11342K, capacity 11558K, committed 11776K, reserved 1058816K
  class space    used 1304K, capacity 1415K, committed 1536K, reserved 1048576K
}
Event: 17.296 GC heap before
{Heap before GC invocations=23 (full 3):
 PSYoungGen      total 193536K, used 193105K [0x00000000ebb80000, 0x0000000100000000, 0x0000000100000000)
  eden space 138752K, 100% used [0x00000000ebb80000,0x00000000f4300000,0x00000000f4300000)
  from space 54784K, 99% used [0x00000000f4300000,0x00000000f7814518,0x00000000f7880000)
  to   space 97280K, 0% used [0x00000000fa100000,0x00000000fa100000,0x0000000100000000)
 ParOldGen       total 286208K, used 241780K [0x00000000c3200000, 0x00000000d4980000, 0x00000000ebb80000)
  object space 286208K, 84% used [0x00000000c3200000,0x00000000d1e1d378,0x00000000d4980000)
 Metaspace       used 11342K, capacity 11558K, committed 11776K, reserved 1058816K
  class space    used 1304K, capacity 1415K, committed 1536K, reserved 1048576K
Event: 17.370 GC heap after
Heap after GC invocations=23 (full 3):
 PSYoungGen      total 224768K, used 69225K [0x00000000ebb80000, 0x0000000100000000, 0x0000000100000000)
  eden space 127488K, 0% used [0x00000000ebb80000,0x00000000ebb80000,0x00000000f3800000)
  from space 97280K, 71% used [0x00000000fa100000,0x00000000fe49a798,0x0000000100000000)
  to   space 102400K, 0% used [0x00000000f3800000,0x00000000f3800000,0x00000000f9c00000)
 ParOldGen       total 286208K, used 241780K [0x00000000c3200000, 0x00000000d4980000, 0x00000000ebb80000)
  object space 286208K, 84% used [0x00000000c3200000,0x00000000d1e1d378,0x00000000d4980000)
 Metaspace       used 11342K, capacity 11558K, committed 11776K, reserved 1058816K
  class space    used 1304K, capacity 1415K, committed 1536K, reserved 1048576K
}
Event: 17.566 GC heap before
{Heap before GC invocations=24 (full 3):
 PSYoungGen      total 224768K, used 196713K [0x00000000ebb80000, 0x0000000100000000, 0x0000000100000000)
  eden space 127488K, 100% used [0x00000000ebb80000,0x00000000f3800000,0x00000000f3800000)
  from space 97280K, 71% used [0x00000000fa100000,0x00000000fe49a798,0x0000000100000000)
  to   space 102400K, 0% used [0x00000000f3800000,0x00000000f3800000,0x00000000f9c00000)
 ParOldGen       total 286208K, used 241780K [0x00000000c3200000, 0x00000000d4980000, 0x00000000ebb80000)
  object space 286208K, 84% used [0x00000000c3200000,0x00000000d1e1d378,0x00000000d4980000)
 Metaspace       used 11342K, capacity 11558K, committed 11776K, reserved 1058816K
  class space    used 1304K, capacity 1415K, committed 1536K, reserved 1048576K
Event: 17.654 GC heap after
Heap after GC invocations=24 (full 3):
 PSYoungGen      total 210432K, used 82665K [0x00000000ebb80000, 0x0000000100000000, 0x0000000100000000)
  eden space 127488K, 0% used [0x00000000ebb80000,0x00000000ebb80000,0x00000000f3800000)
  from space 82944K, 99% used [0x00000000f3800000,0x00000000f88ba798,0x00000000f8900000)
  to   space 110592K, 0% used [0x00000000f9400000,0x00000000f9400000,0x0000000100000000)
 ParOldGen       total 286208K, used 241780K [0x00000000c3200000, 0x00000000d4980000, 0x00000000ebb80000)
  object space 286208K, 84% used [0x00000000c3200000,0x00000000d1e1d378,0x00000000d4980000)
 Metaspace       used 11342K, capacity 11558K, committed 11776K, reserved 1058816K
  class space    used 1304K, capacity 1415K, committed 1536K, reserved 1048576K
}
Event: 17.826 GC heap before
{Heap before GC invocations=25 (full 3):
 PSYoungGen      total 210432K, used 210153K [0x00000000ebb80000, 0x0000000100000000, 0x0000000100000000)
  eden space 127488K, 100% used [0x00000000ebb80000,0x00000000f3800000,0x00000000f3800000)
  from space 82944K, 99% used [0x00000000f3800000,0x00000000f88ba798,0x00000000f8900000)
  to   space 110592K, 0% used [0x00000000f9400000,0x00000000f9400000,0x0000000100000000)
 ParOldGen       total 286208K, used 241780K [0x00000000c3200000, 0x00000000d4980000, 0x00000000ebb80000)
  object space 286208K, 84% used [0x00000000c3200000,0x00000000d1e1d378,0x00000000d4980000)
 Metaspace       used 11342K, capacity 11558K, committed 11776K, reserved 1058816K
  class space    used 1304K, capacity 1415K, committed 1536K, reserved 1048576K
Event: 17.942 GC heap after
Heap after GC invocations=25 (full 3):
 PSYoungGen      total 223744K, used 57161K [0x00000000ebb80000, 0x0000000100000000, 0x0000000100000000)
  eden space 113152K, 0% used [0x00000000ebb80000,0x00000000ebb80000,0x00000000f2a00000)
  from space 110592K, 51% used [0x00000000f9400000,0x00000000fcbd2798,0x0000000100000000)
  to   space 108544K, 0% used [0x00000000f2a00000,0x00000000f2a00000,0x00000000f9400000)
 ParOldGen       total 286208K, used 280884K [0x00000000c3200000, 0x00000000d4980000, 0x00000000ebb80000)
  object space 286208K, 98% used [0x00000000c3200000,0x00000000d444d378,0x00000000d4980000)
 Metaspace       used 11342K, capacity 11558K, committed 11776K, reserved 1058816K
  class space    used 1304K, capacity 1415K, committed 1536K, reserved 1048576K
}
Event: 17.942 GC heap before
{Heap before GC invocations=26 (full 4):
 PSYoungGen      total 223744K, used 57161K [0x00000000ebb80000, 0x0000000100000000, 0x0000000100000000)
  eden space 113152K, 0% used [0x00000000ebb80000,0x00000000ebb80000,0x00000000f2a00000)
  from space 110592K, 51% used [0x00000000f9400000,0x00000000fcbd2798,0x0000000100000000)
  to   space 108544K, 0% used [0x00000000f2a00000,0x00000000f2a00000,0x00000000f9400000)
 ParOldGen       total 286208K, used 280884K [0x00000000c3200000, 0x00000000d4980000, 0x00000000ebb80000)
  object space 286208K, 98% used [0x00000000c3200000,0x00000000d444d378,0x00000000d4980000)
 Metaspace       used 11342K, capacity 11558K, committed 11776K, reserved 1058816K
  class space    used 1304K, capacity 1415K, committed 1536K, reserved 1048576K

Deoptimization events (10 events):
Event: 13.752 Thread 0x0000000002e9e000 Uncommon trap: reason=unstable_if action=reinterpret pc=0x0000000003300d4c method=java.util.regex.Matcher.reset()Ljava/util/regex/Matcher; @ 47
Event: 13.753 Thread 0x0000000002e9e000 Uncommon trap: reason=unstable_if action=reinterpret pc=0x00000000033597d0 method=java.lang.AbstractStringBuilder.append(Ljava/lang/CharSequence;)Ljava/lang/AbstractStringBuilder; @ 13
Event: 13.756 Thread 0x0000000002e9e000 Uncommon trap: reason=unstable_if action=reinterpret pc=0x00000000033610fc method=java.util.regex.Matcher.reset()Ljava/util/regex/Matcher; @ 47
Event: 13.757 Thread 0x0000000002e9e000 Uncommon trap: reason=unstable_if action=reinterpret pc=0x0000000003353160 method=sun.nio.cs.StreamEncoder.write([CII)V @ 49
Event: 13.757 Thread 0x0000000002e9e000 Uncommon trap: reason=unstable_if action=reinterpret pc=0x0000000003355f84 method=java.io.BufferedOutputStream.write([BII)V @ 6
Event: 13.796 Thread 0x0000000002e9e000 Uncommon trap: reason=unstable_if action=reinterpret pc=0x0000000003303a3c method=java.lang.AbstractStringBuilder.append(Ljava/lang/String;)Ljava/lang/AbstractStringBuilder; @ 1
Event: 13.813 Thread 0x0000000017758800 Uncommon trap: reason=unstable_if action=reinterpret pc=0x0000000003410e54 method=java.lang.CharacterDataLatin1.digit(II)I @ 82
Event: 13.857 Thread 0x0000000017758800 Uncommon trap: reason=unstable_if action=reinterpret pc=0x0000000003343974 method=java.io.BufferedOutputStream.write([BII)V @ 6
Event: 13.866 Thread 0x0000000017758800 Uncommon trap: reason=unstable_if action=reinterpret pc=0x00000000033457a0 method=java.io.BufferedOutputStream.write([BII)V @ 6
Event: 13.989 Thread 0x0000000002e9e000 Uncommon trap: reason=unloaded action=reinterpret pc=0x0000000003647e18 method=org.bson.json.JsonScanner.scanString(C)Lorg/bson/json/JsonToken; @ 268

Classes redefined (0 events):
No events

Internal exceptions (10 events):
Event: 0.059 Thread 0x0000000002e9e000 Exception <a 'java/lang/NoSuchMethodError': Method sun.misc.Unsafe.defineClass(Ljava/lang/String;[BII)Ljava/lang/Class; name or signature does not match> (0x00000000ebb87cb0) thrown at [C:\re\workspace\8-2-build-windows-amd64-cygwin\jdk8u181\11358\hotspot
Event: 0.059 Thread 0x0000000002e9e000 Exception <a 'java/lang/NoSuchMethodError': Method sun.misc.Unsafe.prefetchRead(Ljava/lang/Object;J)V name or signature does not match> (0x00000000ebb87f98) thrown at [C:\re\workspace\8-2-build-windows-amd64-cygwin\jdk8u181\11358\hotspot\src\share\vm\prim
Event: 0.224 Thread 0x0000000002e9e000 Exception <a 'java/security/PrivilegedActionException'> (0x00000000ebd675f8) thrown at [C:\re\workspace\8-2-build-windows-amd64-cygwin\jdk8u181\11358\hotspot\src\share\vm\prims\jvm.cpp, line 1435]
Event: 0.224 Thread 0x0000000002e9e000 Exception <a 'java/security/PrivilegedActionException'> (0x00000000ebd679f0) thrown at [C:\re\workspace\8-2-build-windows-amd64-cygwin\jdk8u181\11358\hotspot\src\share\vm\prims\jvm.cpp, line 1435]
Event: 0.225 Thread 0x0000000002e9e000 Exception <a 'java/security/PrivilegedActionException'> (0x00000000ebd6ba30) thrown at [C:\re\workspace\8-2-build-windows-amd64-cygwin\jdk8u181\11358\hotspot\src\share\vm\prims\jvm.cpp, line 1435]
Event: 0.225 Thread 0x0000000002e9e000 Exception <a 'java/security/PrivilegedActionException'> (0x00000000ebd6be28) thrown at [C:\re\workspace\8-2-build-windows-amd64-cygwin\jdk8u181\11358\hotspot\src\share\vm\prims\jvm.cpp, line 1435]
Event: 13.530 Thread 0x0000000002e9e000 Exception <a 'java/lang/NoSuchFieldError': method resolution failed> (0x00000000f06785c0) thrown at [C:\re\workspace\8-2-build-windows-amd64-cygwin\jdk8u181\11358\hotspot\src\share\vm\prims\methodHandles.cpp, line 1167]
Event: 13.532 Thread 0x0000000002e9e000 Exception <a 'java/lang/NoSuchFieldError': method resolution failed> (0x00000000f0685cb0) thrown at [C:\re\workspace\8-2-build-windows-amd64-cygwin\jdk8u181\11358\hotspot\src\share\vm\prims\methodHandles.cpp, line 1167]
Event: 13.796 Thread 0x0000000002e9e000 Implicit null exception at 0x0000000003303696 to 0x0000000003303a25
Event: 13.828 Thread 0x0000000002e9e000 Exception <a 'java/lang/ArrayIndexOutOfBoundsException': 18> (0x00000000f1abc760) thrown at [C:\re\workspace\8-2-build-windows-amd64-cygwin\jdk8u181\11358\hotspot\src\share\vm\interpreter\interpreterRuntime.cpp, line 366]

Events (10 events):
Event: 16.411 Executing VM operation: ParallelGCFailedAllocation done
Event: 16.675 Executing VM operation: ParallelGCFailedAllocation
Event: 16.786 Executing VM operation: ParallelGCFailedAllocation done
Event: 16.996 Executing VM operation: ParallelGCFailedAllocation
Event: 17.110 Executing VM operation: ParallelGCFailedAllocation done
Event: 17.296 Executing VM operation: ParallelGCFailedAllocation
Event: 17.370 Executing VM operation: ParallelGCFailedAllocation done
Event: 17.566 Executing VM operation: ParallelGCFailedAllocation
Event: 17.654 Executing VM operation: ParallelGCFailedAllocation done
Event: 17.826 Executing VM operation: ParallelGCFailedAllocation


Dynamic libraries:
0x00007ff6bffb0000 - 0x00007ff6bffe7000 	C:\Program Files\Java\jre1.8.0_181\bin\javaw.exe
0x00007ff936910000 - 0x00007ff936ad1000 	C:\Windows\SYSTEM32\ntdll.dll
0x00007ff933ef0000 - 0x00007ff933f9d000 	C:\Windows\system32\KERNEL32.DLL
0x00007ff933b00000 - 0x00007ff933ce8000 	C:\Windows\system32\KERNELBASE.dll
0x00007ff936670000 - 0x00007ff936717000 	C:\Windows\system32\ADVAPI32.dll
0x00007ff934060000 - 0x00007ff9340fd000 	C:\Windows\system32\msvcrt.dll
0x00007ff9348b0000 - 0x00007ff93490b000 	C:\Windows\system32\sechost.dll
0x00007ff934700000 - 0x00007ff93481d000 	C:\Windows\system32\RPCRT4.dll
0x00007ff934170000 - 0x00007ff9342c6000 	C:\Windows\system32\USER32.dll
0x00007ff934af0000 - 0x00007ff934c77000 	C:\Windows\system32\GDI32.dll
0x00007ff922e30000 - 0x00007ff9230a4000 	C:\Windows\WinSxS\amd64_microsoft.windows.common-controls_6595b64144ccf1df_6.0.10586.839_none_a2ddba30a539a2ae\COMCTL32.dll
0x00007ff9361e0000 - 0x00007ff93645e000 	C:\Windows\system32\combase.dll
0x00007ff933a90000 - 0x00007ff933afa000 	C:\Windows\system32\bcryptPrimitives.dll
0x00007ff9368d0000 - 0x00007ff93690b000 	C:\Windows\system32\IMM32.DLL
0x0000000077370000 - 0x0000000077442000 	C:\Program Files\Java\jre1.8.0_181\bin\msvcr100.dll
0x0000000077450000 - 0x0000000077cf2000 	C:\Program Files\Java\jre1.8.0_181\bin\server\jvm.dll
0x00007ff934910000 - 0x00007ff934918000 	C:\Windows\system32\PSAPI.DLL
0x00007ff929ab0000 - 0x00007ff929ab9000 	C:\Windows\SYSTEM32\WSOCK32.dll
0x00007ff934820000 - 0x00007ff93488b000 	C:\Windows\system32\WS2_32.dll
0x00007ff92c0a0000 - 0x00007ff92c0c3000 	C:\Windows\SYSTEM32\WINMM.dll
0x00007ff92c9f0000 - 0x00007ff92c9fa000 	C:\Windows\SYSTEM32\VERSION.dll
0x00007ff92c070000 - 0x00007ff92c09c000 	C:\Windows\SYSTEM32\WINMMBASE.dll
0x00007ff933250000 - 0x00007ff933293000 	C:\Windows\system32\cfgmgr32.dll
0x0000000077360000 - 0x000000007736f000 	C:\Program Files\Java\jre1.8.0_181\bin\verify.dll
0x0000000077330000 - 0x0000000077359000 	C:\Program Files\Java\jre1.8.0_181\bin\java.dll
0x0000000077310000 - 0x0000000077326000 	C:\Program Files\Java\jre1.8.0_181\bin\zip.dll
0x00007ff934c80000 - 0x00007ff9361dc000 	C:\Windows\system32\SHELL32.dll
0x00007ff9332a0000 - 0x00007ff9338e5000 	C:\Windows\system32\windows.storage.dll
0x00007ff936870000 - 0x00007ff9368c2000 	C:\Windows\system32\shlwapi.dll
0x00007ff932f30000 - 0x00007ff932f3f000 	C:\Windows\system32\kernel.appcore.dll
0x00007ff932fc0000 - 0x00007ff933075000 	C:\Windows\system32\shcore.dll
0x00007ff932f40000 - 0x00007ff932f8b000 	C:\Windows\system32\powrprof.dll
0x00007ff932f90000 - 0x00007ff932fa4000 	C:\Windows\system32\profapi.dll
0x00000000772a0000 - 0x00000000772c4000 	C:\Program Files\Java\jre1.8.0_181\bin\sunec.dll
0x00000000772f0000 - 0x000000007730a000 	C:\Program Files\Java\jre1.8.0_181\bin\net.dll
0x00007ff932800000 - 0x00007ff93285c000 	C:\Windows\system32\mswsock.dll
0x00007ff92f010000 - 0x00007ff92f048000 	C:\Windows\SYSTEM32\IPHLPAPI.DLL
0x00007ff934050000 - 0x00007ff934058000 	C:\Windows\system32\NSI.dll
0x00007ff92eff0000 - 0x00007ff92f006000 	C:\Windows\SYSTEM32\dhcpcsvc6.DLL
0x00007ff92efd0000 - 0x00007ff92efea000 	C:\Windows\SYSTEM32\dhcpcsvc.DLL
0x00000000772d0000 - 0x00000000772e1000 	C:\Program Files\Java\jre1.8.0_181\bin\nio.dll
0x00007ff9328b0000 - 0x00007ff9328c7000 	C:\Windows\SYSTEM32\CRYPTSP.dll
0x00007ff932540000 - 0x00007ff932574000 	C:\Windows\system32\rsaenh.dll
0x00007ff932e60000 - 0x00007ff932e89000 	C:\Windows\SYSTEM32\bcrypt.dll
0x00007ff932690000 - 0x00007ff9326af000 	C:\Windows\SYSTEM32\USERENV.dll
0x00007ff9329d0000 - 0x00007ff9329db000 	C:\Windows\SYSTEM32\CRYPTBASE.dll
0x0000000077280000 - 0x000000007728d000 	C:\Program Files\Java\jre1.8.0_181\bin\management.dll
0x00007ff92a960000 - 0x00007ff92a976000 	C:\Windows\system32\napinsp.dll
0x00007ff92a940000 - 0x00007ff92a95a000 	C:\Windows\system32\pnrpnsp.dll
0x00007ff930840000 - 0x00007ff930858000 	C:\Windows\system32\NLAapi.dll
0x00007ff9319c0000 - 0x00007ff931a6a000 	C:\Windows\SYSTEM32\DNSAPI.dll
0x00007ff92a930000 - 0x00007ff92a93d000 	C:\Windows\System32\winrnr.dll
0x00007ff92c3e0000 - 0x00007ff92c3ea000 	C:\Windows\System32\rasadhlp.dll
0x00007ff92ed50000 - 0x00007ff92edb7000 	C:\Windows\System32\fwpuclnt.dll
0x00007ff92c650000 - 0x00007ff92c7dc000 	C:\Windows\SYSTEM32\dbghelp.dll

VM Arguments:
jvm_args: -Dfile.encoding=Cp1252 
java_command: imdb.TestActor
java_class_path (initial): C:\Program Files\Java\jre1.8.0_181\lib\resources.jar;C:\Program Files\Java\jre1.8.0_181\lib\rt.jar;C:\Program Files\Java\jre1.8.0_181\lib\jsse.jar;C:\Program Files\Java\jre1.8.0_181\lib\jce.jar;C:\Program Files\Java\jre1.8.0_181\lib\charsets.jar;C:\Program Files\Java\jre1.8.0_181\lib\jfr.jar;C:\Program Files\Java\jre1.8.0_181\lib\ext\access-bridge-64.jar;C:\Program Files\Java\jre1.8.0_181\lib\ext\cldrdata.jar;C:\Program Files\Java\jre1.8.0_181\lib\ext\dnsns.jar;C:\Program Files\Java\jre1.8.0_181\lib\ext\jaccess.jar;C:\Program Files\Java\jre1.8.0_181\lib\ext\jfxrt.jar;C:\Program Files\Java\jre1.8.0_181\lib\ext\localedata.jar;C:\Program Files\Java\jre1.8.0_181\lib\ext\nashorn.jar;C:\Program Files\Java\jre1.8.0_181\lib\ext\sunec.jar;C:\Program Files\Java\jre1.8.0_181\lib\ext\sunjce_provider.jar;C:\Program Files\Java\jre1.8.0_181\lib\ext\sunmscapi.jar;C:\Program Files\Java\jre1.8.0_181\lib\ext\sunpkcs11.jar;C:\Program Files\Java\jre1.8.0_181\lib\ext\zipfs.jar;C:\Users\Admin\imdb-workspace\imdb\target\test-classes;C:\Users\Admin\imdb-workspace\imdb\target\classes;C:\Users\Admin\.m2\repository\junit\junit\3.8.1\junit-3.8.1.jar;C:\Users\Admin\.m2\repository\com\google\code\gson\gson\2.8.5\gson-2.8.5.jar;C:\Users\Admin\.m2\repository\org\mongodb\mongo-java-driver\3.8.0\mongo-java-driver-3.8.0.jar
Launcher Type: SUN_STANDARD

Environment Variables:
CLASSPATH=C:\Program Files\Java\jdk1.8.0_181\bin
PATH=C:/Program Files/Java/jre1.8.0_181/bin/server;C:/Program Files/Java/jre1.8.0_181/bin;C:/Program Files/Java/jre1.8.0_181/lib/amd64;C:\Program Files (x86)\Common Files\Oracle\Java\javapath;C:\Windows\system32;C:\Windows;C:\Windows\System32\Wbem;C:\Windows\System32\WindowsPowerShell\v1.0\;C:\Program Files\Git\cmd;C:\Program Files\Java\jdk1.8.0_181\bin;C:\Program Files\Java\jdk1.8.0_181\lib;C:\Program Files\MongoDB\Server\4.0\bin;C:\Users\Admin\Desktop;
USERNAME=Admin
OS=Windows_NT
PROCESSOR_IDENTIFIER=Intel64 Family 6 Model 37 Stepping 5, GenuineIntel



---------------  S Y S T E M  ---------------

OS: Windows 10.0 , 64 bit Build 10586 (10.0.10586.589)

CPU:total 4 (initial active 4) (2 cores per cpu, 2 threads per core) family 6 model 37 stepping 5, cmov, cx8, fxsr, mmx, sse, sse2, sse3, ssse3, sse4.1, sse4.2, popcnt, ht, tsc, tscinvbit

Memory: 4k page, physical 3988592k(812460k free), swap 6478960k(1652392k free)

vm_info: Java HotSpot(TM) 64-Bit Server VM (25.181-b13) for windows-amd64 JRE (1.8.0_181-b13), built on Jul  7 2018 04:01:33 by "java_re" with MS VC++ 10.0 (VS2010)

time: Tue Aug 07 11:46:01 2018
elapsed time: 18 seconds (0d 0h 0m 18s)

