#
# A fatal error has been detected by the Java Runtime Environment:
#
#  EXCEPTION_ACCESS_VIOLATION (0xc0000005) at pc=0x000000006c9c123f, pid=7000, tid=0x0000000000000350
#
# JRE version: Java(TM) SE Runtime Environment (8.0_181-b13) (build 1.8.0_181-b13)
# Java VM: Java HotSpot(TM) 64-Bit Server VM (25.181-b13 mixed mode windows-amd64 compressed oops)
# Problematic frame:
# V  [jvm.dll+0x40123f]
#
# Failed to write core dump. Minidumps are not enabled by default on client versions of Windows
#
# If you would like to submit a bug report, please visit:
#   http://bugreport.java.com/bugreport/crash.jsp
#

---------------  T H R E A D  ---------------

Current thread (0x0000000002aac000):  GCTaskThread [stack: 0x0000000012490000,0x0000000012590000] [id=848]

siginfo: ExceptionCode=0xc0000005, reading address 0x00000000000000b0

Registers:
RAX=0x00000000cf880008, RBX=0x000000001258f578, RCX=0x0000000000000003, RDX=0xffffffffffd2a468
RSP=0x000000001258f4d0, RBP=0x0000000001880000, RSI=0x000000000187548f, RDI=0x0000000000000002
R8 =0x00000000cf880008, R9 =0x00000000000000a8, R10=0x0000000000062000, R11=0x00000000cf880008
R12=0x000000006cde2d00, R13=0x0000000000000187, R14=0x00000000cf600000, R15=0x000000001258f578
RIP=0x000000006c9c123f, EFLAGS=0x0000000000010202

Top of Stack: (sp=0x000000001258f4d0)
0x000000001258f4d0:   000000001258f578 00000000018e0000
0x000000001258f4e0:   0000000000000002 000000006c9bfb65
0x000000001258f4f0:   0000000001880000 000000006c9b678d
0x000000001258f500:   000000000187548e 000000006c9c1169
0x000000001258f510:   0000000000000000 000000006c9c108f
0x000000001258f520:   00000000cfcdc148 00000000cf600000
0x000000001258f530:   0000000000000187 0000000000000000
0x000000001258f540:   00000000029b0000 000000006c9c2554
0x000000001258f550:   00000000cf580000 000000001258f5b8
0x000000001258f560:   00000000cf580000 000000001258f5b8
0x000000001258f570:   00000000029b0000 000000006cc19b28
0x000000001258f580:   000000006cde2d00 0000000002b7cfc0
0x000000001258f590:   000000000000ffff 00000000cf5aa470
0x000000001258f5a0:   0000000002aa4360 00000000cf880008
0x000000001258f5b0:   0000000000000000 0000000002aac820
0x000000001258f5c0:   0000000002aac810 0000000000000000 

Instructions: (pc=0x000000006c9c123f)
0x000000006c9c121f:   4c 8b 43 30 74 16 45 8b 48 08 8b 0d 39 56 3a 00
0x000000006c9c122f:   49 d3 e1 4c 03 0d 27 56 3a 00 eb 04 4d 8b 48 08
0x000000006c9c123f:   41 81 79 08 00 00 00 c0 73 10 49 8b 01 48 8b 53
0x000000006c9c124f:   10 49 8b c9 ff 90 28 01 00 00 48 29 7b 18 48 8d 


Register to memory mapping:

RAX=
[error occurred during error reporting (printing register info), id 0xc0000005]

Stack: [0x0000000012490000,0x0000000012590000],  sp=0x000000001258f4d0,  free space=1021k
Native frames: (J=compiled Java code, j=interpreted, Vv=VM code, C=native code)
V  [jvm.dll+0x40123f]
V  [jvm.dll+0x3f678d]
V  [jvm.dll+0x402554]
V  [jvm.dll+0x3fa04a]
V  [jvm.dll+0x3f79b6]
V  [jvm.dll+0x3f4dde]
V  [jvm.dll+0x29e64a]
C  [msvcr100.dll+0x21d9f]
C  [msvcr100.dll+0x21e3b]
C  [KERNEL32.DLL+0x18102]
C  [ntdll.dll+0x5c5b4]


---------------  P R O C E S S  ---------------

Java Threads: ( => current thread )
  0x00000000150ee800 JavaThread "Service Thread" daemon [_thread_blocked, id=6344, stack(0x0000000016dc0000,0x0000000016ec0000)]
  0x000000001509d800 JavaThread "C1 CompilerThread2" daemon [_thread_blocked, id=2616, stack(0x00000000168c0000,0x00000000169c0000)]
  0x0000000015092800 JavaThread "C2 CompilerThread1" daemon [_thread_blocked, id=1508, stack(0x00000000167c0000,0x00000000168c0000)]
  0x0000000015090000 JavaThread "C2 CompilerThread0" daemon [_thread_blocked, id=4608, stack(0x00000000166c0000,0x00000000167c0000)]
  0x000000001508e000 JavaThread "Attach Listener" daemon [_thread_blocked, id=156, stack(0x00000000165c0000,0x00000000166c0000)]
  0x000000001508d000 JavaThread "Signal Dispatcher" daemon [_thread_blocked, id=7108, stack(0x00000000164c0000,0x00000000165c0000)]
  0x0000000002b8d800 JavaThread "Finalizer" daemon [_thread_blocked, id=7780, stack(0x00000000162e0000,0x00000000163e0000)]
  0x0000000002b82800 JavaThread "Reference Handler" daemon [_thread_blocked, id=7364, stack(0x00000000161e0000,0x00000000162e0000)]
  0x0000000002a92800 JavaThread "main" [_thread_blocked, id=7312, stack(0x00000000028a0000,0x00000000029a0000)]

Other Threads:
  0x0000000015057800 VMThread [stack: 0x00000000160e0000,0x00000000161e0000] [id=1812]
  0x00000000169f3000 WatcherThread [stack: 0x0000000016ec0000,0x0000000016fc0000] [id=852]

=>0x0000000002aac000 (exited) GCTaskThread [stack: 0x0000000012490000,0x0000000012590000] [id=848]

VM state:at safepoint (normal execution)

VM Mutex/Monitor currently owned by a thread:  ([mutex/lock_event])
[0x0000000002a8ee10] Threads_lock - owner thread: 0x0000000015057800
[0x0000000002a8eb10] Heap_lock - owner thread: 0x0000000002a92800

Heap:
 PSYoungGen      total 231424K, used 26907K [0x00000000ebb80000, 0x00000000ff900000, 0x0000000100000000)
  eden space 204288K, 0% used [0x00000000ebb80000,0x00000000ebb80000,0x00000000f8300000)
  from space 27136K, 99% used [0x00000000f8300000,0x00000000f9d46c08,0x00000000f9d80000)
  to   space 60416K, 0% used [0x00000000fbe00000,0x00000000fbe00000,0x00000000ff900000)
 ParOldGen       total 224256K, used 207728K [0x00000000c3200000, 0x00000000d0d00000, 0x00000000ebb80000)
  object space 224256K, 92% used [0x00000000c3200000,0x00000000cfcdc148,0x00000000d0d00000)
 Metaspace       used 4530K, capacity 5024K, committed 5248K, reserved 1056768K
  class space    used 490K, capacity 528K, committed 640K, reserved 1048576K

Card table byte_map: [0x0000000011f50000,0x0000000012140000] byte_map_base: 0x0000000011937000

Marking Bits: (ParMarkBitMap*) 0x000000006cde2d00
 Begin Bits: [0x0000000012690000, 0x00000000135c8000)
 End Bits:   [0x00000000135c8000, 0x0000000014500000)

Polling page: 0x0000000001050000

CodeCache: size=245760Kb used=2410Kb max_used=2410Kb free=243350Kb
 bounds [0x0000000002b90000, 0x0000000002e00000, 0x0000000011b90000]
 total_blobs=707 nmethods=447 adapters=174
 compilation: enabled

Compilation events (10 events):
Event: 6.264 Thread 0x000000001509d800  447       3       java.nio.HeapCharBuffer::put (16 bytes)
Event: 6.264 Thread 0x000000001509d800 nmethod 447 0x0000000002dd8b10 code [0x0000000002dd8ca0, 0x0000000002dd9048]
Event: 6.264 Thread 0x000000001509d800  448       3       java.nio.HeapCharBuffer::ix (7 bytes)
Event: 6.264 Thread 0x000000001509d800 nmethod 448 0x0000000002dd8810 code [0x0000000002dd8960, 0x0000000002dd8ab0]
Event: 6.265 Thread 0x000000001509d800  449       3       java.nio.charset.CoderResult::length (20 bytes)
Event: 6.265 Thread 0x000000001509d800 nmethod 449 0x0000000002dea690 code [0x0000000002dea800, 0x0000000002deab08]
Event: 6.461 Thread 0x000000001509d800  451       3       java.nio.CharBuffer::put (72 bytes)
Event: 6.462 Thread 0x000000001509d800 nmethod 451 0x0000000002de9550 code [0x0000000002de9760, 0x0000000002dea178]
Event: 6.462 Thread 0x000000001509d800  450       3       java.nio.CharBuffer::put (11 bytes)
Event: 6.462 Thread 0x000000001509d800 nmethod 450 0x0000000002de8f90 code [0x0000000002de9100, 0x0000000002de9408]

GC Heap History (10 events):
Event: 6.153 GC heap after
Heap after GC invocations=28 (full 3):
 PSYoungGen      total 286208K, used 46080K [0x00000000ebb80000, 0x0000000100000000, 0x0000000100000000)
  eden space 240128K, 0% used [0x00000000ebb80000,0x00000000ebb80000,0x00000000fa600000)
  from space 46080K, 100% used [0x00000000fa600000,0x00000000fd300000,0x00000000fd300000)
  to   space 46080K, 0% used [0x00000000fd300000,0x00000000fd300000,0x0000000100000000)
 ParOldGen       total 224256K, used 143336K [0x00000000c3200000, 0x00000000d0d00000, 0x00000000ebb80000)
  object space 224256K, 63% used [0x00000000c3200000,0x00000000cbdfa148,0x00000000d0d00000)
 Metaspace       used 4528K, capacity 5024K, committed 5248K, reserved 1056768K
  class space    used 490K, capacity 528K, committed 640K, reserved 1048576K
}
Event: 6.271 GC heap before
{Heap before GC invocations=29 (full 3):
 PSYoungGen      total 286208K, used 286208K [0x00000000ebb80000, 0x0000000100000000, 0x0000000100000000)
  eden space 240128K, 100% used [0x00000000ebb80000,0x00000000fa600000,0x00000000fa600000)
  from space 46080K, 100% used [0x00000000fa600000,0x00000000fd300000,0x00000000fd300000)
  to   space 46080K, 0% used [0x00000000fd300000,0x00000000fd300000,0x0000000100000000)
 ParOldGen       total 224256K, used 143336K [0x00000000c3200000, 0x00000000d0d00000, 0x00000000ebb80000)
  object space 224256K, 63% used [0x00000000c3200000,0x00000000cbdfa148,0x00000000d0d00000)
 Metaspace       used 4530K, capacity 5024K, committed 5248K, reserved 1056768K
  class space    used 490K, capacity 528K, committed 640K, reserved 1048576K
Event: 6.448 GC heap after
Heap after GC invocations=29 (full 3):
 PSYoungGen      total 251392K, used 46080K [0x00000000ebb80000, 0x0000000100000000, 0x0000000100000000)
  eden space 205312K, 0% used [0x00000000ebb80000,0x00000000ebb80000,0x00000000f8400000)
  from space 46080K, 100% used [0x00000000fd300000,0x0000000100000000,0x0000000100000000)
  to   space 63488K, 0% used [0x00000000f8400000,0x00000000f8400000,0x00000000fc200000)
 ParOldGen       total 224256K, used 153096K [0x00000000c3200000, 0x00000000d0d00000, 0x00000000ebb80000)
  object space 224256K, 68% used [0x00000000c3200000,0x00000000cc782148,0x00000000d0d00000)
 Metaspace       used 4530K, capacity 5024K, committed 5248K, reserved 1056768K
  class space    used 490K, capacity 528K, committed 640K, reserved 1048576K
}
Event: 6.546 GC heap before
{Heap before GC invocations=30 (full 3):
 PSYoungGen      total 251392K, used 251392K [0x00000000ebb80000, 0x0000000100000000, 0x0000000100000000)
  eden space 205312K, 100% used [0x00000000ebb80000,0x00000000f8400000,0x00000000f8400000)
  from space 46080K, 100% used [0x00000000fd300000,0x0000000100000000,0x0000000100000000)
  to   space 63488K, 0% used [0x00000000f8400000,0x00000000f8400000,0x00000000fc200000)
 ParOldGen       total 224256K, used 153096K [0x00000000c3200000, 0x00000000d0d00000, 0x00000000ebb80000)
  object space 224256K, 68% used [0x00000000c3200000,0x00000000cc782148,0x00000000d0d00000)
 Metaspace       used 4530K, capacity 5024K, committed 5248K, reserved 1056768K
  class space    used 490K, capacity 528K, committed 640K, reserved 1048576K
Event: 6.757 GC heap after
Heap after GC invocations=30 (full 3):
 PSYoungGen      total 243712K, used 38304K [0x00000000ebb80000, 0x0000000100000000, 0x0000000100000000)
  eden space 205312K, 0% used [0x00000000ebb80000,0x00000000ebb80000,0x00000000f8400000)
  from space 38400K, 99% used [0x00000000f8400000,0x00000000fa968000,0x00000000fa980000)
  to   space 64000K, 0% used [0x00000000fc180000,0x00000000fc180000,0x0000000100000000)
 ParOldGen       total 224256K, used 169360K [0x00000000c3200000, 0x00000000d0d00000, 0x00000000ebb80000)
  object space 224256K, 75% used [0x00000000c3200000,0x00000000cd764148,0x00000000d0d00000)
 Metaspace       used 4530K, capacity 5024K, committed 5248K, reserved 1056768K
  class space    used 490K, capacity 528K, committed 640K, reserved 1048576K
}
Event: 6.860 GC heap before
{Heap before GC invocations=31 (full 3):
 PSYoungGen      total 243712K, used 243616K [0x00000000ebb80000, 0x0000000100000000, 0x0000000100000000)
  eden space 205312K, 100% used [0x00000000ebb80000,0x00000000f8400000,0x00000000f8400000)
  from space 38400K, 99% used [0x00000000f8400000,0x00000000fa968000,0x00000000fa980000)
  to   space 64000K, 0% used [0x00000000fc180000,0x00000000fc180000,0x0000000100000000)
 ParOldGen       total 224256K, used 169360K [0x00000000c3200000, 0x00000000d0d00000, 0x00000000ebb80000)
  object space 224256K, 75% used [0x00000000c3200000,0x00000000cd764148,0x00000000d0d00000)
 Metaspace       used 4530K, capacity 5024K, committed 5248K, reserved 1056768K
  class space    used 490K, capacity 528K, committed 640K, reserved 1048576K
Event: 6.948 GC heap after
Heap after GC invocations=31 (full 3):
 PSYoungGen      total 268288K, used 36731K [0x00000000ebb80000, 0x0000000100000000, 0x0000000100000000)
  eden space 204288K, 0% used [0x00000000ebb80000,0x00000000ebb80000,0x00000000f8300000)
  from space 64000K, 57% used [0x00000000fc180000,0x00000000fe55ec08,0x0000000100000000)
  to   space 64000K, 0% used [0x00000000f8300000,0x00000000f8300000,0x00000000fc180000)
 ParOldGen       total 224256K, used 189576K [0x00000000c3200000, 0x00000000d0d00000, 0x00000000ebb80000)
  object space 224256K, 84% used [0x00000000c3200000,0x00000000ceb22148,0x00000000d0d00000)
 Metaspace       used 4530K, capacity 5024K, committed 5248K, reserved 1056768K
  class space    used 490K, capacity 528K, committed 640K, reserved 1048576K
}
Event: 7.046 GC heap before
{Heap before GC invocations=32 (full 3):
 PSYoungGen      total 268288K, used 241019K [0x00000000ebb80000, 0x0000000100000000, 0x0000000100000000)
  eden space 204288K, 100% used [0x00000000ebb80000,0x00000000f8300000,0x00000000f8300000)
  from space 64000K, 57% used [0x00000000fc180000,0x00000000fe55ec08,0x0000000100000000)
  to   space 64000K, 0% used [0x00000000f8300000,0x00000000f8300000,0x00000000fc180000)
 ParOldGen       total 224256K, used 189576K [0x00000000c3200000, 0x00000000d0d00000, 0x00000000ebb80000)
  object space 224256K, 84% used [0x00000000c3200000,0x00000000ceb22148,0x00000000d0d00000)
 Metaspace       used 4530K, capacity 5024K, committed 5248K, reserved 1056768K
  class space    used 490K, capacity 528K, committed 640K, reserved 1048576K
Event: 7.115 GC heap after
Heap after GC invocations=32 (full 3):
 PSYoungGen      total 231424K, used 26907K [0x00000000ebb80000, 0x00000000ff900000, 0x0000000100000000)
  eden space 204288K, 0% used [0x00000000ebb80000,0x00000000ebb80000,0x00000000f8300000)
  from space 27136K, 99% used [0x00000000f8300000,0x00000000f9d46c08,0x00000000f9d80000)
  to   space 60416K, 0% used [0x00000000fbe00000,0x00000000fbe00000,0x00000000ff900000)
 ParOldGen       total 224256K, used 207728K [0x00000000c3200000, 0x00000000d0d00000, 0x00000000ebb80000)
  object space 224256K, 92% used [0x00000000c3200000,0x00000000cfcdc148,0x00000000d0d00000)
 Metaspace       used 4530K, capacity 5024K, committed 5248K, reserved 1056768K
  class space    used 490K, capacity 528K, committed 640K, reserved 1048576K
}
Event: 7.115 GC heap before
{Heap before GC invocations=33 (full 4):
 PSYoungGen      total 231424K, used 26907K [0x00000000ebb80000, 0x00000000ff900000, 0x0000000100000000)
  eden space 204288K, 0% used [0x00000000ebb80000,0x00000000ebb80000,0x00000000f8300000)
  from space 27136K, 99% used [0x00000000f8300000,0x00000000f9d46c08,0x00000000f9d80000)
  to   space 60416K, 0% used [0x00000000fbe00000,0x00000000fbe00000,0x00000000ff900000)
 ParOldGen       total 224256K, used 207728K [0x00000000c3200000, 0x00000000d0d00000, 0x00000000ebb80000)
  object space 224256K, 92% used [0x00000000c3200000,0x00000000cfcdc148,0x00000000d0d00000)
 Metaspace       used 4530K, capacity 5024K, committed 5248K, reserved 1056768K
  class space    used 490K, capacity 528K, committed 640K, reserved 1048576K

Deoptimization events (6 events):
Event: 0.358 Thread 0x0000000002a92800 Uncommon trap: reason=unstable_if action=reinterpret pc=0x0000000002d7cd6c method=java.util.regex.Pattern$Start.match(Ljava/util/regex/Matcher;ILjava/lang/CharSequence;)Z @ 34
Event: 0.485 Thread 0x0000000002a92800 Uncommon trap: reason=predicate action=maybe_recompile pc=0x0000000002d9a26c method=java.util.AbstractCollection.toArray([Ljava/lang/Object;)[Ljava/lang/Object; @ 49
Event: 0.506 Thread 0x0000000002a92800 Uncommon trap: reason=array_check action=maybe_recompile pc=0x0000000002d9ef7c method=java.util.AbstractCollection.toArray([Ljava/lang/Object;)[Ljava/lang/Object; @ 119
Event: 0.506 Thread 0x0000000002a92800 Uncommon trap: reason=array_check action=maybe_recompile pc=0x0000000002d9ef7c method=java.util.AbstractCollection.toArray([Ljava/lang/Object;)[Ljava/lang/Object; @ 119
Event: 0.507 Thread 0x0000000002a92800 Uncommon trap: reason=array_check action=maybe_recompile pc=0x0000000002d9ef7c method=java.util.AbstractCollection.toArray([Ljava/lang/Object;)[Ljava/lang/Object; @ 119
Event: 0.507 Thread 0x0000000002a92800 Uncommon trap: reason=array_check action=maybe_recompile pc=0x0000000002d9ef7c method=java.util.AbstractCollection.toArray([Ljava/lang/Object;)[Ljava/lang/Object; @ 119

Classes redefined (0 events):
No events

Internal exceptions (6 events):
Event: 0.039 Thread 0x0000000002a92800 Exception <a 'java/lang/NoSuchMethodError': Method sun.misc.Unsafe.defineClass(Ljava/lang/String;[BII)Ljava/lang/Class; name or signature does not match> (0x00000000ebb87cb0) thrown at [C:\re\workspace\8-2-build-windows-amd64-cygwin\jdk8u181\11358\hotspot
Event: 0.039 Thread 0x0000000002a92800 Exception <a 'java/lang/NoSuchMethodError': Method sun.misc.Unsafe.prefetchRead(Ljava/lang/Object;J)V name or signature does not match> (0x00000000ebb87f98) thrown at [C:\re\workspace\8-2-build-windows-amd64-cygwin\jdk8u181\11358\hotspot\src\share\vm\prim
Event: 0.221 Thread 0x0000000002a92800 Exception <a 'java/security/PrivilegedActionException'> (0x00000000ebe51cd8) thrown at [C:\re\workspace\8-2-build-windows-amd64-cygwin\jdk8u181\11358\hotspot\src\share\vm\prims\jvm.cpp, line 1435]
Event: 0.221 Thread 0x0000000002a92800 Exception <a 'java/security/PrivilegedActionException'> (0x00000000ebe520d0) thrown at [C:\re\workspace\8-2-build-windows-amd64-cygwin\jdk8u181\11358\hotspot\src\share\vm\prims\jvm.cpp, line 1435]
Event: 0.222 Thread 0x0000000002a92800 Exception <a 'java/security/PrivilegedActionException'> (0x00000000ebe56110) thrown at [C:\re\workspace\8-2-build-windows-amd64-cygwin\jdk8u181\11358\hotspot\src\share\vm\prims\jvm.cpp, line 1435]
Event: 0.222 Thread 0x0000000002a92800 Exception <a 'java/security/PrivilegedActionException'> (0x00000000ebe56508) thrown at [C:\re\workspace\8-2-build-windows-amd64-cygwin\jdk8u181\11358\hotspot\src\share\vm\prims\jvm.cpp, line 1435]

Events (10 events):
Event: 5.888 Executing VM operation: ParallelGCFailedAllocation done
Event: 6.005 Executing VM operation: ParallelGCFailedAllocation
Event: 6.153 Executing VM operation: ParallelGCFailedAllocation done
Event: 6.271 Executing VM operation: ParallelGCFailedAllocation
Event: 6.448 Executing VM operation: ParallelGCFailedAllocation done
Event: 6.546 Executing VM operation: ParallelGCFailedAllocation
Event: 6.757 Executing VM operation: ParallelGCFailedAllocation done
Event: 6.859 Executing VM operation: ParallelGCFailedAllocation
Event: 6.948 Executing VM operation: ParallelGCFailedAllocation done
Event: 7.046 Executing VM operation: ParallelGCFailedAllocation


Dynamic libraries:
0x00007ff62ad50000 - 0x00007ff62ad87000 	C:\Program Files\Java\jre1.8.0_181\bin\javaw.exe
0x00007ffb68640000 - 0x00007ffb68801000 	C:\Windows\SYSTEM32\ntdll.dll
0x00007ffb68590000 - 0x00007ffb6863d000 	C:\Windows\system32\KERNEL32.DLL
0x00007ffb65850000 - 0x00007ffb65a38000 	C:\Windows\system32\KERNELBASE.dll
0x00007ffb661d0000 - 0x00007ffb66277000 	C:\Windows\system32\ADVAPI32.dll
0x00007ffb66a00000 - 0x00007ffb66a9d000 	C:\Windows\system32\msvcrt.dll
0x00007ffb65e30000 - 0x00007ffb65e8b000 	C:\Windows\system32\sechost.dll
0x00007ffb660b0000 - 0x00007ffb661cd000 	C:\Windows\system32\RPCRT4.dll
0x00007ffb66280000 - 0x00007ffb663d6000 	C:\Windows\system32\USER32.dll
0x00007ffb665f0000 - 0x00007ffb66777000 	C:\Windows\system32\GDI32.dll
0x00007ffb578d0000 - 0x00007ffb57b44000 	C:\Windows\WinSxS\amd64_microsoft.windows.common-controls_6595b64144ccf1df_6.0.10586.839_none_a2ddba30a539a2ae\COMCTL32.dll
0x00007ffb66780000 - 0x00007ffb669fe000 	C:\Windows\system32\combase.dll
0x00007ffb64f30000 - 0x00007ffb64f9a000 	C:\Windows\system32\bcryptPrimitives.dll
0x00007ffb65d10000 - 0x00007ffb65d4b000 	C:\Windows\system32\IMM32.DLL
0x000000006c4e0000 - 0x000000006c5b2000 	C:\Program Files\Java\jre1.8.0_181\bin\msvcr100.dll
0x000000006c5c0000 - 0x000000006ce62000 	C:\Program Files\Java\jre1.8.0_181\bin\server\jvm.dll
0x00007ffb65ca0000 - 0x00007ffb65ca8000 	C:\Windows\system32\PSAPI.DLL
0x00007ffb5b900000 - 0x00007ffb5b909000 	C:\Windows\SYSTEM32\WSOCK32.dll
0x00007ffb66040000 - 0x00007ffb660ab000 	C:\Windows\system32\WS2_32.dll
0x00007ffb62660000 - 0x00007ffb62683000 	C:\Windows\SYSTEM32\WINMM.dll
0x00007ffb5c720000 - 0x00007ffb5c72a000 	C:\Windows\SYSTEM32\VERSION.dll
0x00007ffb62630000 - 0x00007ffb6265c000 	C:\Windows\SYSTEM32\WINMMBASE.dll
0x00007ffb64e80000 - 0x00007ffb64ec3000 	C:\Windows\system32\cfgmgr32.dll
0x000000006c4d0000 - 0x000000006c4df000 	C:\Program Files\Java\jre1.8.0_181\bin\verify.dll
0x000000006c4a0000 - 0x000000006c4c9000 	C:\Program Files\Java\jre1.8.0_181\bin\java.dll
0x000000006c480000 - 0x000000006c496000 	C:\Program Files\Java\jre1.8.0_181\bin\zip.dll
0x00007ffb67030000 - 0x00007ffb6858c000 	C:\Windows\system32\SHELL32.dll
0x00007ffb64fa0000 - 0x00007ffb655e5000 	C:\Windows\system32\windows.storage.dll
0x00007ffb66460000 - 0x00007ffb664b2000 	C:\Windows\system32\shlwapi.dll
0x00007ffb64cc0000 - 0x00007ffb64ccf000 	C:\Windows\system32\kernel.appcore.dll
0x00007ffb64cf0000 - 0x00007ffb64da5000 	C:\Windows\system32\shcore.dll
0x00007ffb64c70000 - 0x00007ffb64cbb000 	C:\Windows\system32\powrprof.dll
0x00007ffb64cd0000 - 0x00007ffb64ce4000 	C:\Windows\system32\profapi.dll
0x00007ffb5c2e0000 - 0x00007ffb5c46c000 	C:\Windows\SYSTEM32\dbghelp.dll

VM Arguments:
jvm_args: -Dfile.encoding=Cp1252 
java_command: imdb.TestData
java_class_path (initial): C:\Program Files\Java\jre1.8.0_181\lib\resources.jar;C:\Program Files\Java\jre1.8.0_181\lib\rt.jar;C:\Program Files\Java\jre1.8.0_181\lib\jsse.jar;C:\Program Files\Java\jre1.8.0_181\lib\jce.jar;C:\Program Files\Java\jre1.8.0_181\lib\charsets.jar;C:\Program Files\Java\jre1.8.0_181\lib\jfr.jar;C:\Program Files\Java\jre1.8.0_181\lib\ext\access-bridge-64.jar;C:\Program Files\Java\jre1.8.0_181\lib\ext\cldrdata.jar;C:\Program Files\Java\jre1.8.0_181\lib\ext\dnsns.jar;C:\Program Files\Java\jre1.8.0_181\lib\ext\jaccess.jar;C:\Program Files\Java\jre1.8.0_181\lib\ext\jfxrt.jar;C:\Program Files\Java\jre1.8.0_181\lib\ext\localedata.jar;C:\Program Files\Java\jre1.8.0_181\lib\ext\nashorn.jar;C:\Program Files\Java\jre1.8.0_181\lib\ext\sunec.jar;C:\Program Files\Java\jre1.8.0_181\lib\ext\sunjce_provider.jar;C:\Program Files\Java\jre1.8.0_181\lib\ext\sunmscapi.jar;C:\Program Files\Java\jre1.8.0_181\lib\ext\sunpkcs11.jar;C:\Program Files\Java\jre1.8.0_181\lib\ext\zipfs.jar;C:\Users\Admin\git\imdb\target\test-classes;C:\Users\Admin\git\imdb\target\classes;C:\Users\Admin\apache-tomcat-9.0.10\apache-tomcat-9.0.10\lib\annotations-api.jar;C:\Users\Admin\apache-tomcat-9.0.10\apache-tomcat-9.0.10\lib\catalina-ant.jar;C:\Users\Admin\apache-tomcat-9.0.10\apache-tomcat-9.0.10\lib\catalina-ha.jar;C:\Users\Admin\apache-tomcat-9.0.10\apache-tomcat-9.0.10\lib\catalina-storeconfig.jar;C:\Users\Admin\apache-tomcat-9.0.10\apache-tomcat-9.0.10\lib\catalina-tribes.jar;C:\Users\Admin\apache-tomcat-9.0.10\apache-tomcat-9.0.10\lib\catalina.jar;C:\Users\Admin\apache-tomcat-9.0.10\apache-tomcat-9.0.10\lib\ecj-4.7.3a.jar;C:\Users\Admin\apache-tomcat-9.0.10\apache-tomcat-9.0.10\lib\el-api.jar;C:\Users\Admin\apache-tomcat-9.0.10\apache-tomcat-9.0.10\lib\jasper-el.jar;C:\Users\Admin\apache-tomcat-9.0.10\apache-tomcat-9.0.10\lib\jasper.jar;C:\Users\Admin\apache-tomcat-9.0.10\apache-tomcat-9.0.10\lib\jaspic-api.jar;C:\Users\Admin\apache-tomcat-9.0.10\apache-tomcat-9.0.10\lib\jsp-api.j
Launcher Type: SUN_STANDARD

Environment Variables:
CLASSPATH=C:\Program Files\Java\jdk1.8.0_181\bin
PATH=C:/Program Files/Java/jre1.8.0_181/bin/server;C:/Program Files/Java/jre1.8.0_181/bin;C:/Program Files/Java/jre1.8.0_181/lib/amd64;C:\Program Files (x86)\Common Files\Oracle\Java\javapath;C:\Windows\system32;C:\Windows;C:\Windows\System32\Wbem;C:\Windows\System32\WindowsPowerShell\v1.0\;C:\Program Files\Git\cmd;C:\Program Files\Java\jdk1.8.0_181\bin;C:\Program Files\Java\jdk1.8.0_181\lib;C:\Program Files\MongoDB\Server\4.0\bin;C:\Users\Admin\Desktop;
USERNAME=Admin
OS=Windows_NT
PROCESSOR_IDENTIFIER=Intel64 Family 6 Model 37 Stepping 5, GenuineIntel



---------------  S Y S T E M  ---------------

OS: Windows 10.0 , 64 bit Build 10586 (10.0.10586.589)

CPU:total 4 (initial active 4) (2 cores per cpu, 2 threads per core) family 6 model 37 stepping 5, cmov, cx8, fxsr, mmx, sse, sse2, sse3, ssse3, sse4.1, sse4.2, popcnt, ht, tsc, tscinvbit

Memory: 4k page, physical 3988592k(600500k free), swap 9048532k(2689840k free)

vm_info: Java HotSpot(TM) 64-Bit Server VM (25.181-b13) for windows-amd64 JRE (1.8.0_181-b13), built on Jul  7 2018 04:01:33 by "java_re" with MS VC++ 10.0 (VS2010)

time: Tue Aug 07 17:25:08 2018
elapsed time: 7 seconds (0d 0h 0m 7s)

